phonesilensor/app/build/intermediates/manifest_merge_blame_file/debug/manifest-merger-blame-debug-report.txt
1<?xml version="1.0" encoding="utf-8"?>
2<manifest xmlns:android="http://schemas.android.com/apk/res/android"
3    package="com.example.project.smartsilent"
4    android:versionCode="1"
5    android:versionName="1.0" >
6
7    <uses-sdk
7-->src/main/AndroidManifest.xml:7:5-47
8        android:minSdkVersion="16"
8-->src/main/AndroidManifest.xml:7:5-47
9        android:targetSdkVersion="28" />
9-->src/main/AndroidManifest.xml:7:15-44
10
11    <uses-permission android:name="android.permission.WRITE_EXTERNAL_STORAGE" />
11-->src/main/AndroidManifest.xml:9:5-81
11-->src/main/AndroidManifest.xml:9:22-78
12    <uses-permission android:name="android.permission.READ_PHONE_STATE" />
12-->src/main/AndroidManifest.xml:10:5-75
12-->src/main/AndroidManifest.xml:10:22-72
13    <uses-permission android:name="android.permission.READ_EXTERNAL_STORAGE" />
13-->src/main/AndroidManifest.xml:11:5-80
13-->src/main/AndroidManifest.xml:11:22-77
14    <uses-permission android:name="android.permission.RECEIVE_BOOT_COMPLETED" />
14-->src/main/AndroidManifest.xml:12:5-81
14-->src/main/AndroidManifest.xml:12:22-78
15    <uses-permission android:name="android.permission.ACCESS_FINE_LOCATION" />
15-->src/main/AndroidManifest.xml:13:5-79
15-->src/main/AndroidManifest.xml:13:22-76
16    <uses-permission android:name="android.permission.INTERNET" />
16-->src/main/AndroidManifest.xml:14:5-67
16-->src/main/AndroidManifest.xml:14:22-64
17    <uses-permission android:name="android.permission.CHANGE_NETWORK_STATE" />
17-->src/main/AndroidManifest.xml:15:5-79
17-->src/main/AndroidManifest.xml:15:22-76
18    <uses-permission android:name="android.permission.ACCESS_NETWORK_STATE" /> <!-- Permissions required for GCM -->
18-->[com.google.android.gms:play-services-ads:8.4.0] AndroidManifest.xml:21:5-78
18-->[com.google.android.gms:play-services-ads:8.4.0] AndroidManifest.xml:21:22-76
19    <uses-permission android:name="com.google.android.c2dm.permission.RECEIVE" />
19-->[com.google.android.gms:play-services-gcm:8.4.0] AndroidManifest.xml:21:5-82
19-->[com.google.android.gms:play-services-gcm:8.4.0] AndroidManifest.xml:21:22-79
20
21    <uses-feature
21-->[com.google.android.gms:play-services-maps:8.4.0] AndroidManifest.xml:22:5-24:33
22        android:glEsVersion="0x00020000"
22-->[com.google.android.gms:play-services-maps:8.4.0] AndroidManifest.xml:23:8-40
23        android:required="true" /> <!-- Optional permission for App measurement to run. -->
23-->[com.google.android.gms:play-services-maps:8.4.0] AndroidManifest.xml:24:8-31
24    <uses-permission android:name="android.permission.WAKE_LOCK" />
24-->[com.google.android.gms:play-services-measurement:8.4.0] AndroidManifest.xml:24:5-67
24-->[com.google.android.gms:play-services-measurement:8.4.0] AndroidManifest.xml:24:22-65
25
26    <application
26-->src/main/AndroidManifest.xml:17:5-71:19
27        android:allowBackup="true"
27-->src/main/AndroidManifest.xml:18:9-35
28        android:appComponentFactory="android.support.v4.app.CoreComponentFactory"
28-->[com.android.support:support-compat:28.0.0] AndroidManifest.xml:22:18-91
29        android:debuggable="true"
30        android:icon="@drawable/logo_n"
30-->src/main/AndroidManifest.xml:19:9-40
31        android:label="@string/app_name"
31-->src/main/AndroidManifest.xml:20:9-41
32        android:theme="@style/AppTheme" >
32-->src/main/AndroidManifest.xml:21:9-40
33
34        <!--
35        	We will launch BaseActivity as launcher.
36        	We will check if BaseActivity launch first time and open desired smartsilent and set example item selected
37        -->
38
39        <activity
39-->src/main/AndroidManifest.xml:28:9-37:20
40            android:name="com.example.project.smartsilent.HomeActivity"
40-->src/main/AndroidManifest.xml:29:13-41
41            android:label="@string/app_name"
41-->src/main/AndroidManifest.xml:30:13-45
42            android:theme="@style/Theme.AppCompat" >
42-->src/main/AndroidManifest.xml:31:13-51
43            <intent-filter>
43-->src/main/AndroidManifest.xml:32:13-36:29
44                <action android:name="android.intent.action.MAIN" />
44-->src/main/AndroidManifest.xml:33:17-69
44-->src/main/AndroidManifest.xml:33:25-66
45
46                <category android:name="android.intent.category.LAUNCHER" />
46-->src/main/AndroidManifest.xml:35:17-77
46-->src/main/AndroidManifest.xml:35:27-74
47            </intent-filter>
48        </activity>
49        <activity android:name="com.example.project.smartsilent.BaseActivity" />
49-->src/main/AndroidManifest.xml:38:9-50
49-->src/main/AndroidManifest.xml:38:19-47
50        <activity android:name="com.example.project.smartsilent.PlaceList" />
50-->src/main/AndroidManifest.xml:39:9-47
50-->src/main/AndroidManifest.xml:39:19-44
51        <activity android:name="com.example.project.smartsilent.TimeActivity" />
51-->src/main/AndroidManifest.xml:40:9-50
51-->src/main/AndroidManifest.xml:40:19-47
52        <activity android:name="com.example.project.smartsilent.SettingsActivity" />
52-->src/main/AndroidManifest.xml:41:9-54
52-->src/main/AndroidManifest.xml:41:19-51
53        <activity android:name="com.example.project.smartsilent.HelpActivity" />
53-->src/main/AndroidManifest.xml:42:9-50
53-->src/main/AndroidManifest.xml:42:19-47
54        <activity android:name="com.example.project.smartsilent.AboutUs" />
54-->src/main/AndroidManifest.xml:43:9-45
54-->src/main/AndroidManifest.xml:43:19-42
55        <activity android:name="com.example.project.smartsilent.PickPlace" />
55-->src/main/AndroidManifest.xml:44:9-47
55-->src/main/AndroidManifest.xml:44:19-44
56        <activity android:name="com.example.project.smartsilent.PlaceCurrent" />
56-->src/main/AndroidManifest.xml:45:9-50
56-->src/main/AndroidManifest.xml:45:19-47
57
58        <receiver android:name="com.example.project.smartsilent.SilenceBroadcastReceiver" >
58-->src/main/AndroidManifest.xml:47:9-51:20
58-->src/main/AndroidManifest.xml:47:19-59
59            <intent-filter>
59-->src/main/AndroidManifest.xml:48:13-50:29
60                <action android:name="net.accella.sheduleexample.SilenceBroadcastReceiver" />
60-->src/main/AndroidManifest.xml:49:17-94
60-->src/main/AndroidManifest.xml:49:25-91
61            </intent-filter>
62        </receiver>
63        <receiver android:name="com.example.project.smartsilent.UnsilenceBroadcastReceiver" >
63-->src/main/AndroidManifest.xml:52:9-56:20
63-->src/main/AndroidManifest.xml:52:19-61
64            <intent-filter>
64-->src/main/AndroidManifest.xml:53:13-55:29
65                <action android:name="net.accella.sheduleexample.UnsilenceBroadcastReceiver" />
65-->src/main/AndroidManifest.xml:54:17-96
65-->src/main/AndroidManifest.xml:54:25-93
66            </intent-filter>
67        </receiver>
68
69        <service android:name="com.example.project.smartsilent.GeofenceTransitionsIntentService" />
69-->src/main/AndroidManifest.xml:58:9-69
69-->src/main/AndroidManifest.xml:58:18-66
70        <!--
71 ATTENTION: This was auto-generated to add Google Play services to your project for
72     App Indexing.  See https://g.co/AppIndexing/AndroidStudio for more information.
73        -->
74        <meta-data
74-->src/main/AndroidManifest.xml:63:9-65:69
75            android:name="com.google.android.gms.version"
75-->src/main/AndroidManifest.xml:64:13-58
76            android:value="@integer/google_play_services_version" />
76-->src/main/AndroidManifest.xml:65:13-66
77        <meta-data
77-->src/main/AndroidManifest.xml:66:9-68:71
78            android:name="com.google.android.geo.API_KEY"
78-->src/main/AndroidManifest.xml:67:13-58
79            android:value="AIzaSyCkdiCFyA6bV-rX0aFswbe7KYFtL8kE6-8" />
79-->src/main/AndroidManifest.xml:68:13-68
80
81        <activity android:name="com.example.project.smartsilent.TimeList" />
81-->src/main/AndroidManifest.xml:70:9-55
81-->src/main/AndroidManifest.xml:70:19-43
82        <!-- Include the AdActivity and InAppPurchaseActivity configChanges and themes. -->
83        <activity
83-->[com.google.android.gms:play-services-ads:8.4.0] AndroidManifest.xml:26:9-29:64
84            android:name="com.google.android.gms.ads.AdActivity"
84-->[com.google.android.gms:play-services-ads:8.4.0] AndroidManifest.xml:27:13-65
85            android:configChanges="keyboard|keyboardHidden|orientation|screenLayout|uiMode|screenSize|smallestScreenSize"
85-->[com.google.android.gms:play-services-ads:8.4.0] AndroidManifest.xml:28:13-122
86            android:theme="@android:style/Theme.Translucent" />
86-->[com.google.android.gms:play-services-ads:8.4.0] AndroidManifest.xml:29:13-61
87        <activity
87-->[com.google.android.gms:play-services-ads:8.4.0] AndroidManifest.xml:30:9-31:52
88            android:name="com.google.android.gms.ads.purchase.InAppPurchaseActivity"
88-->[com.google.android.gms:play-services-ads:8.4.0] AndroidManifest.xml:30:19-91
89            android:theme="@style/Theme.IAPTheme" />
89-->[com.google.android.gms:play-services-ads:8.4.0] AndroidManifest.xml:31:13-50
90        <activity
90-->[com.google.android.gms:play-services-appinvite:8.4.0] AndroidManifest.xml:21:9-29:20
91            android:name="com.google.android.gms.appinvite.PreviewActivity"
91-->[com.google.android.gms:play-services-appinvite:8.4.0] AndroidManifest.xml:22:17-48
92            android:exported="true"
92-->[com.google.android.gms:play-services-appinvite:8.4.0] AndroidManifest.xml:23:17-40
93            android:theme="@style/Theme.AppInvite.Preview" >
93-->[com.google.android.gms:play-services-appinvite:8.4.0] AndroidManifest.xml:24:17-63
94            <intent-filter>
94-->[com.google.android.gms:play-services-appinvite:8.4.0] AndroidManifest.xml:25:13-28:29
95                <action android:name="com.google.android.gms.appinvite.ACTION_PREVIEW" />
95-->[com.google.android.gms:play-services-appinvite:8.4.0] AndroidManifest.xml:26:17-89
95-->[com.google.android.gms:play-services-appinvite:8.4.0] AndroidManifest.xml:26:25-87
96
97                <category android:name="android.intent.category.DEFAULT" />
97-->[com.google.android.gms:play-services-appinvite:8.4.0] AndroidManifest.xml:27:17-75
97-->[com.google.android.gms:play-services-appinvite:8.4.0] AndroidManifest.xml:27:27-73
98            </intent-filter>
99        </activity>
100        <activity
100-->[com.google.android.gms:play-services-auth:8.4.0] AndroidManifest.xml:21:9-24:46
101            android:name="com.google.android.gms.auth.api.signin.internal.SignInHubActivity"
101-->[com.google.android.gms:play-services-auth:8.4.0] AndroidManifest.xml:21:19-72
102            android:excludeFromRecents="true"
102-->[com.google.android.gms:play-services-auth:8.4.0] AndroidManifest.xml:23:19-52
103            android:exported="false"
103-->[com.google.android.gms:play-services-auth:8.4.0] AndroidManifest.xml:24:19-43
104            android:theme="@android:style/Theme.Translucent.NoTitleBar" />
104-->[com.google.android.gms:play-services-auth:8.4.0] AndroidManifest.xml:22:19-78
105        <!--
106Service handling Google Sign-In user revocation. For apps that do not integrate with
107            Google Sign-In, this service will never be started.
108        -->
109        <service
109-->[com.google.android.gms:play-services-auth:8.4.0] AndroidManifest.xml:28:9-31:110
110            android:name="com.google.android.gms.auth.api.signin.RevocationBoundService"
110-->[com.google.android.gms:play-services-auth:8.4.0] AndroidManifest.xml:29:13-62
111            android:exported="true"
111-->[com.google.android.gms:play-services-auth:8.4.0] AndroidManifest.xml:30:13-36
112            android:permission="com.google.android.gms.auth.api.signin.permission.REVOCATION_NOTIFICATION" />
112-->[com.google.android.gms:play-services-auth:8.4.0] AndroidManifest.xml:31:13-107
113
114        <provider
114-->[com.google.android.gms:play-services-measurement:8.4.0] AndroidManifest.xml:28:7-31:37
115            android:name="com.google.android.gms.measurement.AppMeasurementContentProvider"
115-->[com.google.android.gms:play-services-measurement:8.4.0] AndroidManifest.xml:30:11-90
116            android:authorities="com.example.project.smartsilent.google_measurement_service"
116-->[com.google.android.gms:play-services-measurement:8.4.0] AndroidManifest.xml:29:11-76
117            android:exported="false" />
117-->[com.google.android.gms:play-services-measurement:8.4.0] AndroidManifest.xml:31:11-35
118
119        <receiver
119-->[com.google.android.gms:play-services-measurement:8.4.0] AndroidManifest.xml:33:7-39:18
120            android:name="com.google.android.gms.measurement.AppMeasurementReceiver"
120-->[com.google.android.gms:play-services-measurement:8.4.0] AndroidManifest.xml:34:11-83
121            android:enabled="true" >
121-->[com.google.android.gms:play-services-measurement:8.4.0] AndroidManifest.xml:35:11-33
122            <intent-filter>
122-->[com.google.android.gms:play-services-measurement:8.4.0] AndroidManifest.xml:36:9-38:25
123                <action android:name="com.google.android.gms.measurement.UPLOAD" />
123-->[com.google.android.gms:play-services-measurement:8.4.0] AndroidManifest.xml:37:11-77
123-->[com.google.android.gms:play-services-measurement:8.4.0] AndroidManifest.xml:37:19-75
124            </intent-filter>
125        </receiver>
126
127        <service
127-->[com.google.android.gms:play-services-measurement:8.4.0] AndroidManifest.xml:41:7-44:37
128            android:name="com.google.android.gms.measurement.AppMeasurementService"
128-->[com.google.android.gms:play-services-measurement:8.4.0] AndroidManifest.xml:42:11-82
129            android:enabled="true"
129-->[com.google.android.gms:play-services-measurement:8.4.0] AndroidManifest.xml:43:11-33
130            android:exported="false" />
130-->[com.google.android.gms:play-services-measurement:8.4.0] AndroidManifest.xml:44:11-35
131    </application>
132
133</manifest>